[debug] [2022-09-19T13:56:23.068Z] ----------------------------------------------------------------------
[debug] [2022-09-19T13:56:23.070Z] Command:       C:\Users\HuntAs01\scoop\apps\nodejs\current\node.exe C:\Users\HuntAs01\scoop\apps\nodejs\current\bin\node_modules\firebase-tools\lib\bin\firebase.js init hosting:github
[debug] [2022-09-19T13:56:23.070Z] CLI Version:   11.9.0
[debug] [2022-09-19T13:56:23.070Z] Platform:      win32
[debug] [2022-09-19T13:56:23.070Z] Node Version:  v18.9.0
[debug] [2022-09-19T13:56:23.071Z] Time:          Mon Sep 19 2022 14:56:23 GMT+0100 (British Summer Time)
[debug] [2022-09-19T13:56:23.071Z] ----------------------------------------------------------------------
[debug] 
[debug] [2022-09-19T13:56:23.138Z] > command requires scopes: ["email","openid","https://www.googleapis.com/auth/cloudplatformprojects.readonly","https://www.googleapis.com/auth/firebase","https://www.googleapis.com/auth/cloud-platform"]
[debug] [2022-09-19T13:56:23.139Z] > authorizing via signed-in user (payne530@gmail.com)
[info] 
     ######## #### ########  ######## ########     ###     ######  ########
     ##        ##  ##     ## ##       ##     ##  ##   ##  ##       ##
     ######    ##  ########  ######   ########  #########  ######  ######
     ##        ##  ##    ##  ##       ##     ## ##     ##       ## ##
     ##       #### ##     ## ######## ########  ##     ##  ######  ########

You're about to initialize a Firebase project in this directory:

  C:\Users\HuntAs01\React\lnkedin

Before we get started, keep in mind:

  * You are initializing within an existing Firebase project directory

[info] 
=== Project Setup
[info] 
[info] First, let's associate this project directory with a Firebase project.
[info] You can create multiple project aliases by running firebase use --add, 
[info] but for now we'll just set up a default project.
[info] 
[debug] [2022-09-19T13:56:38.820Z] Using project from CLI flag: yellow-94486
[debug] [2022-09-19T13:56:38.823Z] >>> [apiv2][query] GET https://firebase.googleapis.com/v1beta1/projects/yellow-94486 [none]
[debug] [2022-09-19T13:56:39.208Z] <<< [apiv2][status] GET https://firebase.googleapis.com/v1beta1/projects/yellow-94486 200
[debug] [2022-09-19T13:56:39.208Z] <<< [apiv2][body] GET https://firebase.googleapis.com/v1beta1/projects/yellow-94486 {"projectId":"yellow-94486","projectNumber":"16377800952","displayName":"yellow","name":"projects/yellow-94486","resources":{"hostingSite":"yellow-94486","storageBucket":"yellow-94486.appspot.com","locationId":"europe-west"},"state":"ACTIVE","etag":"1_057411e5-d522-4981-9bb6-e3263dc93d8d"}
[info] i  Using project yellow-94486 (yellow) 
[info] 
=== Hosting:github Setup
[info] 
[info] i  Detected a .git folder at C:\Users\HuntAs01\React\lnkedin 
[info] i  Authorizing with GitHub to upload your service account to a GitHub repository's secrets store. 
[info] 
[info] Visit this URL on this device to log in:
[info] https://github.com/login/oauth/authorize?client_id=89cf50f02ac6aaed3484&state=1058621737&redirect_uri=http%3A%2F%2Flocalhost%3A9005&scope=read%3Auser%20repo%20public_repo
[info] 
[info] Waiting for authentication...
[debug] [2022-09-19T13:56:39.740Z] >>> [apiv2][query] POST https://github.com/login/oauth/access_token [none]
[debug] [2022-09-19T13:56:39.740Z] >>> [apiv2][body] POST https://github.com/login/oauth/access_token [stream]
[debug] [2022-09-19T13:56:40.027Z] <<< [apiv2][status] POST https://github.com/login/oauth/access_token 200
[debug] [2022-09-19T13:56:40.028Z] <<< [apiv2][body] POST https://github.com/login/oauth/access_token {"access_token":"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","token_type":"bearer","scope":"read:user,repo"}
[debug] [2022-09-19T13:56:41.780Z] >>> [apiv2][query] GET https://api.github.com/user [none]
[debug] [2022-09-19T13:56:42.057Z] <<< [apiv2][status] GET https://api.github.com/user 200
[debug] [2022-09-19T13:56:42.058Z] <<< [apiv2][body] GET https://api.github.com/user {"login":"aaahunt","id":63780995,"node_id":"MDQ6VXNlcjYzNzgwOTk1","avatar_url":"https://avatars.githubusercontent.com/u/63780995?v=4","gravatar_id":"","url":"https://api.github.com/users/aaahunt","html_url":"https://github.com/aaahunt","followers_url":"https://api.github.com/users/aaahunt/followers","following_url":"https://api.github.com/users/aaahunt/following{/other_user}","gists_url":"https://api.github.com/users/aaahunt/gists{/gist_id}","starred_url":"https://api.github.com/users/aaahunt/starred{/owner}{/repo}","subscriptions_url":"https://api.github.com/users/aaahunt/subscriptions","organizations_url":"https://api.github.com/users/aaahunt/orgs","repos_url":"https://api.github.com/users/aaahunt/repos","events_url":"https://api.github.com/users/aaahunt/events{/privacy}","received_events_url":"https://api.github.com/users/aaahunt/received_events","type":"User","site_admin":false,"name":"A. Hunt","company":null,"blog":"www.aahunt.co.uk","location":"U.K.","email":null,"hireable":null,"bio":"BSc Computer Science Undergraduate, University of Nottingham.","twitter_username":null,"public_repos":5,"public_gists":0,"followers":0,"following":0,"created_at":"2020-04-16T08:54:09Z","updated_at":"2021-10-10T14:24:02Z","private_gists":0,"total_private_repos":5,"owned_private_repos":5,"disk_usage":36581,"collaborators":3,"two_factor_authentication":false,"plan":{"name":"free","space":976562499,"collaborators":0,"private_repos":10000}}
[info] 
[info] +  Success! Logged into GitHub as aaahunt 
[info] 
